<?xml version="1.0" encoding="UTF-8"?>
<testsuite xmlns:xsi="http://www.w3.org/2001/XMLSchema-instance" xsi:noNamespaceSchemaLocation="https://maven.apache.org/surefire/maven-surefire-plugin/xsd/surefire-test-report.xsd" name="com.snowalker.AppTest" time="0.029" tests="1" errors="0" skipped="0" failures="0">
  <properties>
    <property name="sun.desktop" value="windows"/>
    <property name="awt.toolkit" value="sun.awt.windows.WToolkit"/>
    <property name="file.encoding.pkg" value="sun.io"/>
    <property name="java.specification.version" value="1.8"/>
    <property name="sun.cpu.isalist" value="amd64"/>
    <property name="sun.jnu.encoding" value="GBK"/>
    <property name="java.class.path" value="C:\Users\snowalker\IdeaProjects\redis-distributed-lock\redis-distributed-lock-core\target\test-classes;C:\Users\snowalker\IdeaProjects\redis-distributed-lock\redis-distributed-lock-core\target\classes;C:\Users\snowalker\.m2\repository\junit\junit\4.11\junit-4.11.jar;C:\Users\snowalker\.m2\repository\org\hamcrest\hamcrest-core\1.3\hamcrest-core-1.3.jar;C:\Users\snowalker\.m2\repository\org\aspectj\aspectjrt\1.8.10\aspectjrt-1.8.10.jar;C:\Users\snowalker\.m2\repository\org\aspectj\aspectjweaver\1.8.10\aspectjweaver-1.8.10.jar;C:\Users\snowalker\.m2\repository\org\apache\commons\commons-lang3\3.4\commons-lang3-3.4.jar;C:\Users\snowalker\.m2\repository\com\google\guava\guava\20.0\guava-20.0.jar;C:\Users\snowalker\.m2\repository\redis\clients\jedis\2.9.0\jedis-2.9.0.jar;C:\Users\snowalker\.m2\repository\org\apache\commons\commons-pool2\2.4.2\commons-pool2-2.4.2.jar;C:\Users\snowalker\.m2\repository\org\slf4j\slf4j-api\1.7.25\slf4j-api-1.7.25.jar;C:\Users\snowalker\.m2\repository\org\springframework\spring-context\4.3.18.RELEASE\spring-context-4.3.18.RELEASE.jar;C:\Users\snowalker\.m2\repository\org\springframework\spring-aop\4.3.18.RELEASE\spring-aop-4.3.18.RELEASE.jar;C:\Users\snowalker\.m2\repository\org\springframework\spring-beans\4.3.18.RELEASE\spring-beans-4.3.18.RELEASE.jar;C:\Users\snowalker\.m2\repository\org\springframework\spring-expression\4.3.18.RELEASE\spring-expression-4.3.18.RELEASE.jar;C:\Users\snowalker\.m2\repository\org\springframework\spring-core\4.3.18.RELEASE\spring-core-4.3.18.RELEASE.jar;C:\Users\snowalker\.m2\repository\commons-logging\commons-logging\1.2\commons-logging-1.2.jar;C:\Users\snowalker\.m2\repository\org\redisson\redisson\3.5.4\redisson-3.5.4.jar;C:\Users\snowalker\.m2\repository\io\netty\netty-common\4.1.15.Final\netty-common-4.1.15.Final.jar;C:\Users\snowalker\.m2\repository\io\netty\netty-codec\4.1.15.Final\netty-codec-4.1.15.Final.jar;C:\Users\snowalker\.m2\repository\io\netty\netty-buffer\4.1.15.Final\netty-buffer-4.1.15.Final.jar;C:\Users\snowalker\.m2\repository\io\netty\netty-transport\4.1.15.Final\netty-transport-4.1.15.Final.jar;C:\Users\snowalker\.m2\repository\io\netty\netty-resolver\4.1.15.Final\netty-resolver-4.1.15.Final.jar;C:\Users\snowalker\.m2\repository\io\netty\netty-handler\4.1.15.Final\netty-handler-4.1.15.Final.jar;C:\Users\snowalker\.m2\repository\javax\cache\cache-api\1.0.0\cache-api-1.0.0.jar;C:\Users\snowalker\.m2\repository\io\projectreactor\reactor-stream\2.0.8.RELEASE\reactor-stream-2.0.8.RELEASE.jar;C:\Users\snowalker\.m2\repository\io\projectreactor\reactor-core\2.0.8.RELEASE\reactor-core-2.0.8.RELEASE.jar;C:\Users\snowalker\.m2\repository\org\reactivestreams\reactive-streams\1.0.0\reactive-streams-1.0.0.jar;C:\Users\snowalker\.m2\repository\com\fasterxml\jackson\dataformat\jackson-dataformat-yaml\2.7.9\jackson-dataformat-yaml-2.7.9.jar;C:\Users\snowalker\.m2\repository\org\yaml\snakeyaml\1.15\snakeyaml-1.15.jar;C:\Users\snowalker\.m2\repository\com\fasterxml\jackson\core\jackson-core\2.7.9\jackson-core-2.7.9.jar;C:\Users\snowalker\.m2\repository\com\fasterxml\jackson\core\jackson-databind\2.7.9\jackson-databind-2.7.9.jar;C:\Users\snowalker\.m2\repository\com\fasterxml\jackson\core\jackson-annotations\2.7.0\jackson-annotations-2.7.0.jar;C:\Users\snowalker\.m2\repository\net\openhft\zero-allocation-hashing\0.8\zero-allocation-hashing-0.8.jar;C:\Users\snowalker\.m2\repository\net\bytebuddy\byte-buddy\1.6.14\byte-buddy-1.6.14.jar;C:\Users\snowalker\.m2\repository\org\jodd\jodd-bean\3.7.1\jodd-bean-3.7.1.jar;C:\Users\snowalker\.m2\repository\org\jodd\jodd-core\3.7.1\jodd-core-3.7.1.jar;"/>
    <property name="java.vm.vendor" value="Oracle Corporation"/>
    <property name="sun.arch.data.model" value="64"/>
    <property name="user.variant" value=""/>
    <property name="java.vendor.url" value="http://java.oracle.com/"/>
    <property name="user.timezone" value=""/>
    <property name="java.vm.specification.version" value="1.8"/>
    <property name="os.name" value="Windows 10"/>
    <property name="user.country" value="CN"/>
    <property name="sun.java.launcher" value="SUN_STANDARD"/>
    <property name="sun.boot.library.path" value="C:\Program Files\Java\jdk1.8.0_91\jre\bin"/>
    <property name="sun.java.command" value="C:\Users\SNOWAL~1\AppData\Local\Temp\surefire286484400429129912\surefirebooter4013373329790073764.jar C:\Users\snowalker\AppData\Local\Temp\surefire286484400429129912 2018-07-13T10-47-59_592-jvmRun1 surefire7242252443231160525tmp surefire_06766752140229750446tmp"/>
    <property name="surefire.test.class.path" value="C:\Users\snowalker\IdeaProjects\redis-distributed-lock\redis-distributed-lock-core\target\test-classes;C:\Users\snowalker\IdeaProjects\redis-distributed-lock\redis-distributed-lock-core\target\classes;C:\Users\snowalker\.m2\repository\junit\junit\4.11\junit-4.11.jar;C:\Users\snowalker\.m2\repository\org\hamcrest\hamcrest-core\1.3\hamcrest-core-1.3.jar;C:\Users\snowalker\.m2\repository\org\aspectj\aspectjrt\1.8.10\aspectjrt-1.8.10.jar;C:\Users\snowalker\.m2\repository\org\aspectj\aspectjweaver\1.8.10\aspectjweaver-1.8.10.jar;C:\Users\snowalker\.m2\repository\org\apache\commons\commons-lang3\3.4\commons-lang3-3.4.jar;C:\Users\snowalker\.m2\repository\com\google\guava\guava\20.0\guava-20.0.jar;C:\Users\snowalker\.m2\repository\redis\clients\jedis\2.9.0\jedis-2.9.0.jar;C:\Users\snowalker\.m2\repository\org\apache\commons\commons-pool2\2.4.2\commons-pool2-2.4.2.jar;C:\Users\snowalker\.m2\repository\org\slf4j\slf4j-api\1.7.25\slf4j-api-1.7.25.jar;C:\Users\snowalker\.m2\repository\org\springframework\spring-context\4.3.18.RELEASE\spring-context-4.3.18.RELEASE.jar;C:\Users\snowalker\.m2\repository\org\springframework\spring-aop\4.3.18.RELEASE\spring-aop-4.3.18.RELEASE.jar;C:\Users\snowalker\.m2\repository\org\springframework\spring-beans\4.3.18.RELEASE\spring-beans-4.3.18.RELEASE.jar;C:\Users\snowalker\.m2\repository\org\springframework\spring-expression\4.3.18.RELEASE\spring-expression-4.3.18.RELEASE.jar;C:\Users\snowalker\.m2\repository\org\springframework\spring-core\4.3.18.RELEASE\spring-core-4.3.18.RELEASE.jar;C:\Users\snowalker\.m2\repository\commons-logging\commons-logging\1.2\commons-logging-1.2.jar;C:\Users\snowalker\.m2\repository\org\redisson\redisson\3.5.4\redisson-3.5.4.jar;C:\Users\snowalker\.m2\repository\io\netty\netty-common\4.1.15.Final\netty-common-4.1.15.Final.jar;C:\Users\snowalker\.m2\repository\io\netty\netty-codec\4.1.15.Final\netty-codec-4.1.15.Final.jar;C:\Users\snowalker\.m2\repository\io\netty\netty-buffer\4.1.15.Final\netty-buffer-4.1.15.Final.jar;C:\Users\snowalker\.m2\repository\io\netty\netty-transport\4.1.15.Final\netty-transport-4.1.15.Final.jar;C:\Users\snowalker\.m2\repository\io\netty\netty-resolver\4.1.15.Final\netty-resolver-4.1.15.Final.jar;C:\Users\snowalker\.m2\repository\io\netty\netty-handler\4.1.15.Final\netty-handler-4.1.15.Final.jar;C:\Users\snowalker\.m2\repository\javax\cache\cache-api\1.0.0\cache-api-1.0.0.jar;C:\Users\snowalker\.m2\repository\io\projectreactor\reactor-stream\2.0.8.RELEASE\reactor-stream-2.0.8.RELEASE.jar;C:\Users\snowalker\.m2\repository\io\projectreactor\reactor-core\2.0.8.RELEASE\reactor-core-2.0.8.RELEASE.jar;C:\Users\snowalker\.m2\repository\org\reactivestreams\reactive-streams\1.0.0\reactive-streams-1.0.0.jar;C:\Users\snowalker\.m2\repository\com\fasterxml\jackson\dataformat\jackson-dataformat-yaml\2.7.9\jackson-dataformat-yaml-2.7.9.jar;C:\Users\snowalker\.m2\repository\org\yaml\snakeyaml\1.15\snakeyaml-1.15.jar;C:\Users\snowalker\.m2\repository\com\fasterxml\jackson\core\jackson-core\2.7.9\jackson-core-2.7.9.jar;C:\Users\snowalker\.m2\repository\com\fasterxml\jackson\core\jackson-databind\2.7.9\jackson-databind-2.7.9.jar;C:\Users\snowalker\.m2\repository\com\fasterxml\jackson\core\jackson-annotations\2.7.0\jackson-annotations-2.7.0.jar;C:\Users\snowalker\.m2\repository\net\openhft\zero-allocation-hashing\0.8\zero-allocation-hashing-0.8.jar;C:\Users\snowalker\.m2\repository\net\bytebuddy\byte-buddy\1.6.14\byte-buddy-1.6.14.jar;C:\Users\snowalker\.m2\repository\org\jodd\jodd-bean\3.7.1\jodd-bean-3.7.1.jar;C:\Users\snowalker\.m2\repository\org\jodd\jodd-core\3.7.1\jodd-core-3.7.1.jar;"/>
    <property name="sun.cpu.endian" value="little"/>
    <property name="user.home" value="C:\Users\snowalker"/>
    <property name="user.language" value="zh"/>
    <property name="java.specification.vendor" value="Oracle Corporation"/>
    <property name="java.home" value="C:\Program Files\Java\jdk1.8.0_91\jre"/>
    <property name="basedir" value="C:\Users\snowalker\IdeaProjects\redis-distributed-lock\redis-distributed-lock-core"/>
    <property name="file.separator" value="\"/>
    <property name="line.separator" value="&#10;"/>
    <property name="java.vm.specification.vendor" value="Oracle Corporation"/>
    <property name="java.specification.name" value="Java Platform API Specification"/>
    <property name="java.awt.graphicsenv" value="sun.awt.Win32GraphicsEnvironment"/>
    <property name="surefire.real.class.path" value="C:\Users\SNOWAL~1\AppData\Local\Temp\surefire286484400429129912\surefirebooter4013373329790073764.jar"/>
    <property name="sun.boot.class.path" value="C:\Program Files\Java\jdk1.8.0_91\jre\lib\resources.jar;C:\Program Files\Java\jdk1.8.0_91\jre\lib\rt.jar;C:\Program Files\Java\jdk1.8.0_91\jre\lib\sunrsasign.jar;C:\Program Files\Java\jdk1.8.0_91\jre\lib\jsse.jar;C:\Program Files\Java\jdk1.8.0_91\jre\lib\jce.jar;C:\Program Files\Java\jdk1.8.0_91\jre\lib\charsets.jar;C:\Program Files\Java\jdk1.8.0_91\jre\lib\jfr.jar;C:\Program Files\Java\jdk1.8.0_91\jre\classes"/>
    <property name="user.script" value=""/>
    <property name="sun.management.compiler" value="HotSpot 64-Bit Tiered Compilers"/>
    <property name="java.runtime.version" value="1.8.0_91-b15"/>
    <property name="user.name" value="snowalker"/>
    <property name="path.separator" value=";"/>
    <property name="os.version" value="10.0"/>
    <property name="java.endorsed.dirs" value="C:\Program Files\Java\jdk1.8.0_91\jre\lib\endorsed"/>
    <property name="java.runtime.name" value="Java(TM) SE Runtime Environment"/>
    <property name="file.encoding" value="GBK"/>
    <property name="java.vm.name" value="Java HotSpot(TM) 64-Bit Server VM"/>
    <property name="localRepository" value="C:\Users\snowalker\.m2\repository"/>
    <property name="java.vendor.url.bug" value="http://bugreport.sun.com/bugreport/"/>
    <property name="java.io.tmpdir" value="C:\Users\SNOWAL~1\AppData\Local\Temp\"/>
    <property name="idea.version" value="2017.1.1"/>
    <property name="java.version" value="1.8.0_91"/>
    <property name="user.dir" value="C:\Users\snowalker\IdeaProjects\redis-distributed-lock\redis-distributed-lock-core"/>
    <property name="os.arch" value="amd64"/>
    <property name="java.vm.specification.name" value="Java Virtual Machine Specification"/>
    <property name="java.awt.printerjob" value="sun.awt.windows.WPrinterJob"/>
    <property name="sun.os.patch.level" value=""/>
    <property name="java.library.path" value="C:\Program Files\Java\jdk1.8.0_91\jre\bin;C:\WINDOWS\Sun\Java\bin;C:\WINDOWS\system32;C:\WINDOWS;C:\ProgramData\Oracle\Java\javapath;C:\Program Files\Docker\Docker\Resources\bin;C:\Python27\;C:\Python27\Scripts;C:\Program Files (x86)\Intel\iCLS Client\;C:\Program Files\Intel\iCLS Client\;C:\Windows\system32;C:\Windows;C:\Windows\System32\Wbem;C:\Windows\System32\WindowsPowerShell\v1.0\;C:\Program Files (x86)\NVIDIA Corporation\PhysX\Common;C:\Program Files (x86)\Intel\Intel(R) Management Engine Components\DAL;C:\Program Files\Intel\Intel(R) Management Engine Components\DAL;C:\Program Files (x86)\Intel\Intel(R) Management Engine Components\IPT;C:\Program Files\Intel\Intel(R) Management Engine Components\IPT;C:\Program Files\Intel\WiFi\bin\;C:\Program Files\Common Files\Intel\WirelessCommon\;C:\Program Files\Git\cmd;C:\Go\bin;C:\WINDOWS\system32;C:\WINDOWS;C:\WINDOWS\System32\Wbem;C:\WINDOWS\System32\WindowsPowerShell\v1.0\;D:\nodejs\;C:\Users\snowalker\AppData\Local\Microsoft\WindowsApps;C:\Program Files\apache-maven-3.3.9\bin;C:\Program Files\Java\jdk1.8.0_91\bin;;C:\Program Files\Microsoft VS Code\bin;C:\Users\snowalker\AppData\Roaming\npm;."/>
    <property name="java.vm.info" value="mixed mode"/>
    <property name="java.vendor" value="Oracle Corporation"/>
    <property name="java.vm.version" value="25.91-b15"/>
    <property name="java.ext.dirs" value="C:\Program Files\Java\jdk1.8.0_91\jre\lib\ext;C:\WINDOWS\Sun\Java\lib\ext"/>
    <property name="sun.io.unicode.encoding" value="UnicodeLittle"/>
    <property name="java.class.version" value="52.0"/>
  </properties>
  <testcase name="shouldAnswerWithTrue" classname="com.snowalker.AppTest" time="0.002"/>
</testsuite>